<?xml version="1.0" encoding="UTF-8"?>
<testsuite name="Cucumber" time="602.477" tests="14" skipped="0" failures="6" errors="0" timestamp="2025-06-12T04:21:12.198818Z">
<testcase classname="User Login and Registration" name="Register new user with valid data - #1.1" time="83.889">
<failure type="java.lang.AssertionError">
<![CDATA[java.lang.AssertionError
	at org.junit.Assert.fail(Assert.java:87)
	at org.junit.Assert.assertTrue(Assert.java:42)
	at org.junit.Assert.assertTrue(Assert.java:53)
	at stepDefinition.UserAuthStepDef.user_is_on_the_registration_page(UserAuthStepDef.java:25)
	at ✽.user is on the registration page(file:///E:/eclipse/Amazon_BDD/Amazon_BDD/src/test/resources/features/01_UserAuth.feature:4)
]]>
</failure>
<system-out><![CDATA[
Given user is on the registration page......................................failed
When user enters valid "example.018072001@gmail.com", "Varun Vishwakarma" and "Test@1234".skipped
Then a new account should be created........................................skipped
]]></system-out>
</testcase>
<testcase classname="User Login and Registration" name="Login with valid credentials - #1.1" time="23.23">
<system-out><![CDATA[
Given user is on the login page.............................................passed
When user enters valid "varun.018072001@gmail.com" and "Varun@018072001"....passed
And user enters otp recieved on mobile number...............................passed
Then user should be logged in successfully..................................passed
]]></system-out>
</testcase>
<testcase classname="User Login and Registration" name="Login with invalid credentials - #1.1" time="78.48">
<failure type="java.lang.AssertionError">
<![CDATA[java.lang.AssertionError
	at org.junit.Assert.fail(Assert.java:87)
	at org.junit.Assert.assertTrue(Assert.java:42)
	at org.junit.Assert.assertTrue(Assert.java:53)
	at stepDefinition.UserAuthStepDef.user_enters_invalid_email_and_password(UserAuthStepDef.java:64)
	at ✽.user enters invalid "varun.018072001@gmail.com" and "7874585235"(file:///E:/eclipse/Amazon_BDD/Amazon_BDD/src/test/resources/features/01_UserAuth.feature:24)
]]>
</failure>
<system-out><![CDATA[
Given user is on the login page.............................................passed
When user enters invalid "varun.018072001@gmail.com" and "7874585235".......failed
Then shows an error message.................................................skipped
]]></system-out>
</testcase>
<testcase classname="User Login and Registration" name="Logout from account - #1.1" time="14.558">
<failure type="java.lang.AssertionError">
<![CDATA[java.lang.AssertionError
	at org.junit.Assert.fail(Assert.java:87)
	at org.junit.Assert.assertTrue(Assert.java:42)
	at org.junit.Assert.assertTrue(Assert.java:53)
	at stepDefinition.UserAuthStepDef.user_is_logged_in(UserAuthStepDef.java:84)
	at ✽.user is logged in as "varun.018072001@gmail.com" and "Varun@018072001"(file:///E:/eclipse/Amazon_BDD/Amazon_BDD/src/test/resources/features/01_UserAuth.feature:32)
]]>
</failure>
<system-out><![CDATA[
Given user is logged in as "varun.018072001@gmail.com" and "Varun@018072001".failed
When user clicks on Sign Out "varun.018072001@gmail.com" and "Varun@018072001".skipped
Then user should be redirected to home page.................................skipped
]]></system-out>
</testcase>
<testcase classname="Search and Filter Products" name="Search with a valid keyword - #1.1" time="24.699">
<system-out><![CDATA[
Given user is on the Amazon home page with "varun.018072001@gmail.com" and "Varun@018072001".passed
When user searches for "laptop".............................................passed
Then search results for "laptop" should be displayed........................passed
]]></system-out>
</testcase>
<testcase classname="Search and Filter Products" name="Search with a invalid keyword - #1.1" time="84.601">
<failure type="java.lang.AssertionError">
<![CDATA[java.lang.AssertionError
	at org.junit.Assert.fail(Assert.java:87)
	at org.junit.Assert.assertTrue(Assert.java:42)
	at org.junit.Assert.assertTrue(Assert.java:53)
	at stepDefinition.SearchAndFilterStepDef.user_searches_for_invalid(SearchAndFilterStepDef.java:46)
	at ✽.user searches for invalid "sdjkgnskldjgbakdfj"(file:///E:/eclipse/Amazon_BDD/Amazon_BDD/src/test/resources/features/02_SearchAndFilter.feature:14)
]]>
</failure>
<system-out><![CDATA[
Given user is on the Amazon home page with "varun.018072001@gmail.com" and "Varun@018072001".passed
When user searches for invalid "sdjkgnskldjgbakdfj".........................failed
Then no product found should displayed......................................skipped
]]></system-out>
</testcase>
<testcase classname="Search and Filter Products" name="Apply single brand filter - #1.1" time="32.881">
<system-out><![CDATA[
Given user has searched for "headphones" with "varun.018072001@gmail.com" and "Varun@018072001".passed
When user applies brand filter sony.........................................passed
Then only Sony items should be listed.......................................passed
]]></system-out>
</testcase>
<testcase classname="Search and Filter Products" name="Clear all filters - #1.1" time="28.868">
<system-out><![CDATA[
Given user has applied brand and price filters on "headphones" with "varun.018072001@gmail.com" and "Varun@018072001".passed
When user clears all filters................................................passed
Then all search results for "headphones" should be shown again..............passed
]]></system-out>
</testcase>
<testcase classname="Add to Cart and Checkout" name="Add product from search result - #1.1" time="67.027">
<failure type="java.lang.AssertionError">
<![CDATA[java.lang.AssertionError
	at org.junit.Assert.fail(Assert.java:87)
	at org.junit.Assert.assertTrue(Assert.java:42)
	at org.junit.Assert.assertTrue(Assert.java:53)
	at stepDefinition.AddToCartandCheckoutStepDef.the_product_should_be_added_to_the_cart(AddToCartandCheckoutStepDef.java:33)
	at ✽.the product should be added to the cart(file:///E:/eclipse/Amazon_BDD/Amazon_BDD/src/test/resources/features/03_AddToCartAndCheckout.feature:6)
]]>
</failure>
<system-out><![CDATA[
Given user has search for "laptop" and logged in with "varun.018072001@gmail.com" and "Varun@018072001".passed
When user clicks on a product and clicks Add to Cart........................passed
Then the product should be added to the cart................................failed
]]></system-out>
</testcase>
<testcase classname="Add to Cart and Checkout" name="Increase quantity of item in cart - #1.1" time="28.633">
<system-out><![CDATA[
Given user has one item in cart and logged in with "varun.018072001@gmail.com" and "Varun@018072001".passed
When user increases quantity................................................passed
Then cart should show updated quantity and total amount updated.............passed
]]></system-out>
</testcase>
<testcase classname="Add to Cart and Checkout" name="Checkout with saved address and payment - #1.1" time="31.412">
<system-out><![CDATA[
Given user is logged in with "varun.018072001@gmail.com" and "Varun@018072001" and has items in cart.passed
When user proceeds to checkout and selects saved address and payment method.passed
Then the order should be placed successfully................................passed
]]></system-out>
</testcase>
<testcase classname="Order Management" name="View recent orders - #1.1" time="79.068">
<failure type="java.lang.AssertionError">
<![CDATA[java.lang.AssertionError
	at org.junit.Assert.fail(Assert.java:87)
	at org.junit.Assert.assertTrue(Assert.java:42)
	at org.junit.Assert.assertTrue(Assert.java:53)
	at stepDefinition.OrderManagementStepDef.a_list_of_recent_orders_should_be_displayed(OrderManagementStepDef.java:32)
	at ✽.a list of recent orders should be displayed(file:///E:/eclipse/Amazon_BDD/Amazon_BDD/src/test/resources/features/04_OrderManagement.feature:6)
]]>
</failure>
<system-out><![CDATA[
Given user is logged in with "varun.018072001@gmail.com" and "Varun@018072001".passed
When user navigates to Your Orders..........................................passed
Then a list of recent orders should be displayed............................failed
]]></system-out>
</testcase>
<testcase classname="Order Management" name="Cancel an order before shipping" time="12.029">
<system-out><![CDATA[
Given an order status is Not yet shipped....................................passed
When user clicks on cancel order Cancel Order...............................passed
Then the order should be cancelled and status updated.......................passed
]]></system-out>
</testcase>
<testcase classname="Order Management" name="Track a shipped order" time="12.35">
<system-out><![CDATA[
Given user has a shipped order..............................................passed
When user clicks on track package Track Package.............................passed
Then current shipment location and status should be displayed...............passed
]]></system-out>
</testcase>
</testsuite>
